C:\Program Files\Microsoft Visual Studio\2022\Community\MSBuild\Microsoft\VC\v170\Microsoft.CppBuild.targets(517,5): warning MSB8004: Output Directory does not end with a trailing slash.  This build instance will add the slash as it is required to allow proper evaluation of the Output Directory.
  Demo.cpp
C:\Users\ROBBY HERMANSYAH\Documents\Pelajaran KUliah\Semester 6\Pemrograman Gim\TemplateProject-30-05-2024\TemplateProject\vs\Project\Demo.cpp(60,61): warning C4244: 'argument': conversion from 'int' to 'float', possible loss of data
C:\Users\ROBBY HERMANSYAH\Documents\Pelajaran KUliah\Semester 6\Pemrograman Gim\TemplateProject-30-05-2024\TemplateProject\vs\Project\Demo.cpp(60,39): warning C4244: 'argument': conversion from 'int' to 'float', possible loss of data
C:\Users\ROBBY HERMANSYAH\Documents\Pelajaran KUliah\Semester 6\Pemrograman Gim\TemplateProject-30-05-2024\TemplateProject\vs\Project\Demo.cpp(64,61): warning C4244: 'argument': conversion from 'int' to 'float', possible loss of data
C:\Users\ROBBY HERMANSYAH\Documents\Pelajaran KUliah\Semester 6\Pemrograman Gim\TemplateProject-30-05-2024\TemplateProject\vs\Project\Demo.cpp(64,39): warning C4244: 'argument': conversion from 'int' to 'float', possible loss of data
C:\Users\ROBBY HERMANSYAH\Documents\Pelajaran KUliah\Semester 6\Pemrograman Gim\TemplateProject-30-05-2024\TemplateProject\vs\Project\Demo.cpp(65,43): warning C4244: 'argument': conversion from 'int' to 'float', possible loss of data
C:\Users\ROBBY HERMANSYAH\Documents\Pelajaran KUliah\Semester 6\Pemrograman Gim\TemplateProject-30-05-2024\TemplateProject\vs\Project\Demo.cpp(103,84): warning C4244: 'argument': conversion from 'int' to 'float', possible loss of data
C:\Users\ROBBY HERMANSYAH\Documents\Pelajaran KUliah\Semester 6\Pemrograman Gim\TemplateProject-30-05-2024\TemplateProject\vs\Project\Demo.cpp(103,55): warning C4244: 'argument': conversion from 'int' to 'float', possible loss of data
C:\Users\ROBBY HERMANSYAH\Documents\Pelajaran KUliah\Semester 6\Pemrograman Gim\TemplateProject-30-05-2024\TemplateProject\vs\Project\Demo.cpp(119,61): warning C4244: 'argument': conversion from 'int' to 'float', possible loss of data
C:\Users\ROBBY HERMANSYAH\Documents\Pelajaran KUliah\Semester 6\Pemrograman Gim\TemplateProject-30-05-2024\TemplateProject\vs\Project\Demo.cpp(119,39): warning C4244: 'argument': conversion from 'int' to 'float', possible loss of data
C:\Users\ROBBY HERMANSYAH\Documents\Pelajaran KUliah\Semester 6\Pemrograman Gim\TemplateProject-30-05-2024\TemplateProject\vs\Project\Demo.cpp(123,61): warning C4244: 'argument': conversion from 'int' to 'float', possible loss of data
C:\Users\ROBBY HERMANSYAH\Documents\Pelajaran KUliah\Semester 6\Pemrograman Gim\TemplateProject-30-05-2024\TemplateProject\vs\Project\Demo.cpp(123,39): warning C4244: 'argument': conversion from 'int' to 'float', possible loss of data
C:\Users\ROBBY HERMANSYAH\Documents\Pelajaran KUliah\Semester 6\Pemrograman Gim\TemplateProject-30-05-2024\TemplateProject\vs\Project\Demo.cpp(124,43): warning C4244: 'argument': conversion from 'int' to 'float', possible loss of data
C:\Users\ROBBY HERMANSYAH\Documents\Pelajaran KUliah\Semester 6\Pemrograman Gim\TemplateProject-30-05-2024\TemplateProject\vs\Project\Demo.cpp(163,49): warning C4244: 'argument': conversion from 'int' to 'float', possible loss of data
C:\Users\ROBBY HERMANSYAH\Documents\Pelajaran KUliah\Semester 6\Pemrograman Gim\TemplateProject-30-05-2024\TemplateProject\vs\Project\Demo.cpp(182,43): warning C4244: 'argument': conversion from 'int' to 'float', possible loss of data
C:\Users\ROBBY HERMANSYAH\Documents\Pelajaran KUliah\Semester 6\Pemrograman Gim\TemplateProject-30-05-2024\TemplateProject\vs\Project\Demo.cpp(200,20): warning C4244: 'initializing': conversion from 'int' to 'float', possible loss of data
C:\Users\ROBBY HERMANSYAH\Documents\Pelajaran KUliah\Semester 6\Pemrograman Gim\TemplateProject-30-05-2024\TemplateProject\vs\Project\Demo.cpp(209,45): warning C4244: 'argument': conversion from 'int' to 'float', possible loss of data
C:\Users\ROBBY HERMANSYAH\Documents\Pelajaran KUliah\Semester 6\Pemrograman Gim\TemplateProject-30-05-2024\TemplateProject\vs\Project\Demo.cpp(209,30): warning C4244: 'argument': conversion from 'int' to 'float', possible loss of data
C:\Users\ROBBY HERMANSYAH\Documents\Pelajaran KUliah\Semester 6\Pemrograman Gim\TemplateProject-30-05-2024\TemplateProject\vs\Project\Demo.cpp(210,56): warning C4244: 'argument': conversion from 'int' to 'float', possible loss of data
C:\Users\ROBBY HERMANSYAH\Documents\Pelajaran KUliah\Semester 6\Pemrograman Gim\TemplateProject-30-05-2024\TemplateProject\vs\Project\Demo.cpp(210,41): warning C4244: 'argument': conversion from 'int' to 'float', possible loss of data
C:\Users\ROBBY HERMANSYAH\Documents\Pelajaran KUliah\Semester 6\Pemrograman Gim\TemplateProject-30-05-2024\TemplateProject\vs\Project\Demo.cpp(216,65): warning C4244: 'argument': conversion from 'int' to 'float', possible loss of data
C:\Users\ROBBY HERMANSYAH\Documents\Pelajaran KUliah\Semester 6\Pemrograman Gim\TemplateProject-30-05-2024\TemplateProject\vs\Project\Demo.cpp(217,48): warning C4244: 'argument': conversion from 'int' to 'float', possible loss of data
C:\Users\ROBBY HERMANSYAH\Documents\Pelajaran KUliah\Semester 6\Pemrograman Gim\TemplateProject-30-05-2024\TemplateProject\vs\Project\Demo.cpp(217,33): warning C4244: 'argument': conversion from 'int' to 'float', possible loss of data
C:\Users\ROBBY HERMANSYAH\Documents\Pelajaran KUliah\Semester 6\Pemrograman Gim\TemplateProject-30-05-2024\TemplateProject\vs\Project\Demo.cpp(218,59): warning C4244: 'argument': conversion from 'int' to 'float', possible loss of data
C:\Users\ROBBY HERMANSYAH\Documents\Pelajaran KUliah\Semester 6\Pemrograman Gim\TemplateProject-30-05-2024\TemplateProject\vs\Project\Demo.cpp(218,44): warning C4244: 'argument': conversion from 'int' to 'float', possible loss of data
C:\Users\ROBBY HERMANSYAH\Documents\Pelajaran KUliah\Semester 6\Pemrograman Gim\TemplateProject-30-05-2024\TemplateProject\vs\Project\Demo.cpp(244,49): warning C4018: '<': signed/unsigned mismatch
C:\Users\ROBBY HERMANSYAH\Documents\Pelajaran KUliah\Semester 6\Pemrograman Gim\TemplateProject-30-05-2024\TemplateProject\vs\Project\Demo.cpp(311,20): warning C4244: '=': conversion from 'int' to 'float', possible loss of data
  Launcher.cpp
SOIL.lib(SOIL.obj) : warning LNK4075: ignoring '/EDITANDCONTINUE' due to '/OPT:ICF' specification
LINK : warning LNK4098: defaultlib 'MSVCRTD' conflicts with use of other libs; use /NODEFAULTLIB:library
  Generating code
  Previous IPDB and IOBJ mismatch, fall back to full compilation.
  All 1130 functions were compiled because no usable IPDB/IOBJ from previous compilation was found.
  Finished generating code
SOIL.lib(image_DXT.obj) : warning LNK4099: PDB '' was not found with 'SOIL.lib(image_DXT.obj)' or at ''; linking object as if no debug info
SOIL.lib(image_helper.obj) : warning LNK4099: PDB '' was not found with 'SOIL.lib(image_helper.obj)' or at ''; linking object as if no debug info
SOIL.lib(SOIL.obj) : warning LNK4099: PDB '' was not found with 'SOIL.lib(SOIL.obj)' or at ''; linking object as if no debug info
SOIL.lib(stb_image_aug.obj) : warning LNK4099: PDB '' was not found with 'SOIL.lib(stb_image_aug.obj)' or at ''; linking object as if no debug info
  Project.vcxproj -> C:\Users\ROBBY HERMANSYAH\Documents\Pelajaran KUliah\Semester 6\Pemrograman Gim\TemplateProject-30-05-2024\TemplateProject\vs\Project\Project.exe
